starttime=1591126742
Arm Forge 20.0 - Arm DDT

Debugging                : srun mpi+omp+cuda -n 30 -s 0
MPI implementation       : Auto-Detect (SLURM (MPMD))
* number of processes    : 1
* number of nodes        : 1
Memory debugging enabled : No

Offline log written to: '/scratch/snx3000tds/piccinal/reframe/hpctools/stage/dom/gpu/PrgEnv-gnu/sphexa_cudaddt_sqpatch_001mpi_001omp_30n_0steps/rpt_tool.html'

# domain::distribute: 0.0320511s
# mpi::synchronizeHalos: 7.83e-05s
# domain::buildTree: 0.021509s
# updateTasks: 0.000279277s
# FindNeighbors: 0.456827s
# Density: 12.998s
# EquationOfState: 0.00109033s
# mpi::synchronizeHalos: 2.0046e-05s
# IAD: 21.4486s
# mpi::synchronizeHalos: 3.2546e-05s
# MomentumEnergyIAD: 55.7296s
# Timestep: 0.000583691s
# UpdateQuantities: 0.00482532s
# EnergyConservation: 0.000490205s
# UpdateSmoothingLength: 0.00182539s
### Check ### Global Tree Nodes: 73, Particles: 27000, Halos: 0
### Check ### Computational domain: -48.3333 48.3333 -48.3333 48.3333 -50 50
### Check ### Total Neighbors: 6190320, Avg neighbor count per particle: 229
### Check ### Total time: 1.1e-06, current time-step: 1.1e-06
### Check ### Total energy: 2.08112e+10, (internal: 1e+06, cinetic: 2.08102e+10)
=== Total time for iteration(0) 90.697s

# Total execution time of 0 iterations of SqPatch: 90.6971s
stoptime=1591126855
