Breakpoint 1 at 0x4039da: file sqpatch.cpp, line 75.
[Thread debugging using libthread_db enabled]
Using host libthread_db library "/lib64/libthread_db.so.1".
# domain::distribute: 8.6876e-05s
# mpi::synchronizeHalos: 3.8176e-05s
# domain::buildTree: 0.00250541s

Breakpoint 1, main (argc=5, argv=0x7fffffff5f28) at sqpatch.cpp:75
75	        taskList.update(domain.clist);
$1 = std::vector of length 3375, capacity 3375 = {0, 1, 2, 3, 4, 5, 6, 7, 8, 9, 10, 11, 12, 13, 14, 15, 16, 17, 18, 19, 20, 21, 22, 23, 24, 25, 26, 27, 28, 29, 30, 31, 32, 33, 34, 35, 36, 37, 38, 39, 40, 41, 42, 43, 44, 45, 46, 47, 48, 49, 50, 51, 52, 53, 54, 55, 56, 57, 58, 59, 60, 61, 62, 63, 64, 65, 66, 67, 68, 69, 70, 71, 72, 73, 74, 75, 76, 77, 78, 79, 80, 81, 82, 83, 84, 85, 86, 87, 88, 89, 90, 91, 92, 93, 94, 95, 96, 97, 98, 99, 100, 101, 102, 103, 104, 105, 106, 107, 108, 109, 110, 111, 112, 113, 114, 115, 116, 117, 118, 119, 120, 121, 122, 123, 124, 125, 126, 127, 128, 129, 130, 131, 132, 133, 134, 135, 136, 137, 138, 139, 140, 141, 142, 143, 144, 145, 146, 147, 148, 149, 150, 151, 152, 153, 154, 155, 156, 157, 158, 159, 160, 161, 162, 163, 164, 165, 166, 167, 168, 169, 170, 171, 172, 173, 174, 175, 176, 177, 178, 179, 180, 181, 182, 183, 184, 185, 186, 187, 188, 189, 190, 191, 192, 193, 194, 195, 196, 197, 198, 199...}
$2 = 1
elem[2]: $3 = 2
elem[3]: $4 = 3
elem[4]: $5 = 4
Vector size = 3375
Vector capacity = 3375
Element type = std::_Vector_base<int, std::allocator<int> >::pointer
# updateTasks: 0.047932s
# FindNeighbors: 0.0478378s
# Density: 0.0397208s
# EquationOfState: 0.000137451s
# mpi::synchronizeHalos: 4.358e-06s
# IAD: 0.0600816s
# mpi::synchronizeHalos: 4.605e-06s
# MomentumEnergyIAD: 0.105342s
# Timestep: 7.5985e-05s
# UpdateQuantities: 0.000615502s
# EnergyConservation: 6.9599e-05s
# UpdateSmoothingLength: 0.000244154s
### Check ### Global Tree Nodes: 0, Particles: 3375, Halos: 0
### Check ### Computational domain: -46.6667 46.6667 -46.6667 46.6667 -50 50
### Check ### Total Neighbors: 696435, Avg neighbor count per particle: 206
### Check ### Total time: 1.1e-06, current time-step: 1.1e-06
### Check ### Total energy: 2.07417e+10, (internal: 1e+06, cinetic: 2.07407e+10)
=== Total time for iteration(0) 0.305361s

# Total execution time of 0 iterations of SqPatch: 0.305378s
[Inferior 1 (process 19366) exited normally]

